600006
600008
600017
600021
Downloading 600021
600021: 2019-11-22
600021: 2019-11-21
600021: 2019-11-20
600021: 2019-11-19
600021: 2019-11-18
600021: 2019-11-17
600021: 2019-11-16
600021: 2019-11-15
600021: 2019-11-14
600021: 2019-11-13
600021: 2019-11-12
600021: 2019-11-11
600021: 2019-11-10
600021: 2019-11-09
600021: 2019-11-08
600021: 2019-11-07
600021: 2019-11-06
600021: 2019-11-05
600021: 2019-11-04
600021: 2019-11-03
600021: 2019-11-02
600021: 2019-11-01
600021: 2019-10-31
600021: 2019-10-30
600021: 2019-10-29
600021: 2019-10-28
600021: 2019-10-27
600021: 2019-10-26
600021: 2019-10-25
600021: 2019-10-24
600021: 2019-10-23
600021: 2019-10-22
600021: 2019-10-21
600021: 2019-10-20
600021: 2019-10-19
600021: 2019-10-18
600021: 2019-10-17
600021: 2019-10-16
600021: 2019-10-15
600021: 2019-10-14
600021: 2019-10-13
600021: 2019-10-12
600021: 2019-10-11
600021: 2019-10-10
600021: 2019-10-09
600021: 2019-10-08
600021: 2019-10-07
600021: 2019-10-06
600021: 2019-10-05
600021: 2019-10-04
600021: 2019-10-03
600021: 2019-10-02
600021: 2019-10-01
600021: 2019-09-30
600021: 2019-09-29
600021: 2019-09-28
600021: 2019-09-27
600021: 2019-09-26
600021: 2019-09-25
600021: 2019-09-24
600021: 2019-09-23
600021: 2019-09-22
600021: 2019-09-21
600021: 2019-09-20
600021: 2019-09-19
600021: 2019-09-18
600021: 2019-09-17
600021: 2019-09-16
600021: 2019-09-15
600021: 2019-09-14
600021: 2019-09-13
600021: 2019-09-12
600021: 2019-09-11
600021: 2019-09-10
600021: 2019-09-09
600021: 2019-09-08
600021: 2019-09-07
600021: 2019-09-06
600021: 2019-09-05
600021: 2019-09-04
600021: 2019-09-03
600021: 2019-09-02
600021: 2019-09-01
600021: 2019-08-31
600021: 2019-08-30
600021: 2019-08-29
600021: 2019-08-28
600021: 2019-08-27
600021: 2019-08-26
600021: 2019-08-25
600021: 2019-08-24
600021: 2019-08-23
600021: 2019-08-22
600021: 2019-08-21
600021: 2019-08-20
600021: 2019-08-19
600021: 2019-08-18
600021: 2019-08-17
600021: 2019-08-16
600021: 2019-08-15
600021: 2019-08-14
600021: 2019-08-13
600021: 2019-08-12
600021: 2019-08-11
600021: 2019-08-10
600021: 2019-08-09
600021: 2019-08-08
600021: 2019-08-07
600021: 2019-08-06
600021: 2019-08-05
600021: 2019-08-04
600021: 2019-08-03
600021: 2019-08-02
600021: 2019-08-01
600021: 2019-07-31
600021: 2019-07-30
600021: 2019-07-29
600021: 2019-07-28
600021: 2019-07-27
600021: 2019-07-26
600021: 2019-07-25
600021: 2019-07-24
600021: 2019-07-23
600021: 2019-07-22
600021: 2019-07-21
600021: 2019-07-20
600021: 2019-07-19
600021: 2019-07-18
600021: 2019-07-17
600021: 2019-07-16
600021: 2019-07-15
600021: 2019-07-14
600021: 2019-07-13
600021: 2019-07-12
600021: 2019-07-11
600021: 2019-07-10
600021: 2019-07-09
600021: 2019-07-08
600021: 2019-07-07
600021: 2019-07-06
600021: 2019-07-05
600021: 2019-07-04
600021: 2019-07-03
600021: 2019-07-02
600021: 2019-07-01
600021: 2019-06-30
600021: 2019-06-29
600021: 2019-06-28
600021: 2019-06-27
600021: 2019-06-26
600021: 2019-06-25
600021: 2019-06-24
600021: 2019-06-23
600021: 2019-06-22
600021: 2019-06-21
600021: 2019-06-20
600021: 2019-06-19
600021: 2019-06-18
600021: 2019-06-17
600021: 2019-06-16
600021: 2019-06-15
600021: 2019-06-14
600021: 2019-06-13
600021: 2019-06-12
600021: 2019-06-11
600021: 2019-06-10
600021: 2019-06-09
600021: 2019-06-08
600021: 2019-06-07
600021: 2019-06-06
600021: 2019-06-05
600021: 2019-06-04
600021: 2019-06-03
600021: 2019-06-02
600021: 2019-06-01
600021: 2019-05-31
600021: 2019-05-30
600021: 2019-05-29
600021: 2019-05-28
600021: 2019-05-27
600021: 2019-05-26
600021: 2019-05-25
600021: 2019-05-24
600021: 2019-05-23
600021: 2019-05-22
600021: 2019-05-21
600021: 2019-05-20
600021: 2019-05-19
600021: 2019-05-18
600021: 2019-05-17
600021: 2019-05-16
600021: 2019-05-15
600021: 2019-05-14
600021: 2019-05-13
600021: 2019-05-12
600021: 2019-05-11
600021: 2019-05-10
600021: 2019-05-09
600021: 2019-05-08
600021: 2019-05-07
600021: 2019-05-06
600021: 2019-05-05
600021: 2019-05-04
600021: 2019-05-03
600021: 2019-05-02
600021: 2019-05-01
600021: 2019-04-30
600021: 2019-04-29
600021: 2019-04-28
600021: 2019-04-27
600021: 2019-04-26
600021: 2019-04-25
600021: 2019-04-24
600021: 2019-04-23
600021: 2019-04-22
600021: 2019-04-21
600021: 2019-04-20
600021: 2019-04-19
600021: 2019-04-18
600021: 2019-04-17
600021: 2019-04-16
600021: 2019-04-15
600021: 2019-04-14
600021: 2019-04-13
600021: 2019-04-12
600021: 2019-04-11
600021: 2019-04-10
600021: 2019-04-09
600021: 2019-04-08
600021: 2019-04-07
600021: 2019-04-06
600021: 2019-04-05
600021: 2019-04-04
600021: 2019-04-03
600021: 2019-04-02
600021: 2019-04-01
600021: 2019-03-31
600021: 2019-03-30
600021: 2019-03-29
600021: 2019-03-28
600021: 2019-03-27
600021: 2019-03-26
600021: 2019-03-25
600021: 2019-03-24
600021: 2019-03-23
600021: 2019-03-22
600021: 2019-03-21
600021: 2019-03-20
600021: 2019-03-19
600021: 2019-03-18
600021: 2019-03-17
600021: 2019-03-16
600021: 2019-03-15
600021: 2019-03-14
600021: 2019-03-13
600021: 2019-03-12
600021: 2019-03-11
600021: 2019-03-10
600021: 2019-03-09
600021: 2019-03-08
600021: 2019-03-07
600021: 2019-03-06
600021: 2019-03-05
600021: 2019-03-04
600021: 2019-03-03
600021: 2019-03-02
600021: 2019-03-01
600021: 2019-02-28
600021: 2019-02-27
600021: 2019-02-26
600021: 2019-02-25
600021: 2019-02-24
600021: 2019-02-23
600021: 2019-02-22
600021: 2019-02-21
600021: 2019-02-20
600021: 2019-02-19
600021: 2019-02-18
600021: 2019-02-17
600021: 2019-02-16
600021: 2019-02-15
600021: 2019-02-14
600021: 2019-02-13
600021: 2019-02-12
600021: 2019-02-11
600021: 2019-02-10
600021: 2019-02-09
600021: 2019-02-08
600021: 2019-02-07
600021: 2019-02-06
600021: 2019-02-05
600021: 2019-02-04
600021: 2019-02-03
600021: 2019-02-02
600021: 2019-02-01
600021: 2019-01-31
600021: 2019-01-30
600021: 2019-01-29
600021: 2019-01-28
600021: 2019-01-27
600021: 2019-01-26
600021: 2019-01-25
600021: 2019-01-24
600021: 2019-01-23
600021: 2019-01-22
600021: 2019-01-21
600021: 2019-01-20
600021: 2019-01-19
600021: 2019-01-18
600021: 2019-01-17
600021: 2019-01-16
600021: 2019-01-15
600021: 2019-01-14
600021: 2019-01-13
600021: 2019-01-12
600021: 2019-01-11
600021: 2019-01-10
600021: 2019-01-09
600021: 2019-01-08
600021: 2019-01-07
600021: 2019-01-06
600021: 2019-01-05
600021: 2019-01-04
600021: 2019-01-03
600021: 2019-01-02
600021: 2019-01-01
600021: 2018-12-31
600021: 2018-12-30
600021: 2018-12-29
600021: 2018-12-28
600021: 2018-12-27
600021: 2018-12-26
600021: 2018-12-25
600021: 2018-12-24
600021: 2018-12-23
600021: 2018-12-22
600021: 2018-12-21
600021: 2018-12-20
600021: 2018-12-19
600021: 2018-12-18
600021: 2018-12-17
600021: 2018-12-16
600021: 2018-12-15
600021: 2018-12-14
600021: 2018-12-13
600021: 2018-12-12
600021: 2018-12-11
600021: 2018-12-10
600021: 2018-12-09
600021: 2018-12-08
600021: 2018-12-07
600021: 2018-12-06
600021: 2018-12-05
600021: 2018-12-04
600021: 2018-12-03
600021: 2018-12-02
600021: 2018-12-01
600021: 2018-11-30
600021: 2018-11-29
600021: 2018-11-28
600021: 2018-11-27
600021: 2018-11-26
600021: 2018-11-25
600021: 2018-11-24
600021: 2018-11-23
Tick Level Data Downloaded: 600021
600022
Downloading 600022
600022: 2019-11-22
600022: 2019-11-21
600022: 2019-11-20
600022: 2019-11-19
600022: 2019-11-18
600022: 2019-11-17
600022: 2019-11-16
600022: 2019-11-15
600022: 2019-11-14
600022: 2019-11-13
600022: 2019-11-12
600022: 2019-11-11
600022: 2019-11-10
600022: 2019-11-09
600022: 2019-11-08
600022: 2019-11-07
600022: 2019-11-06
600022: 2019-11-05
600022: 2019-11-04
600022: 2019-11-03
600022: 2019-11-02
600022: 2019-11-01
600022: 2019-10-31
600022: 2019-10-30
600022: 2019-10-29
600022: 2019-10-28
600022: 2019-10-27
600022: 2019-10-26
600022: 2019-10-25
600022: 2019-10-24
600022: 2019-10-23
600022: 2019-10-22
600022: 2019-10-21
600022: 2019-10-20
600022: 2019-10-19
600022: 2019-10-18
600022: 2019-10-17
600022: 2019-10-16
600022: 2019-10-15
600022: 2019-10-14
600022: 2019-10-13
600022: 2019-10-12
600022: 2019-10-11
600022: 2019-10-10
600022: 2019-10-09
600022: 2019-10-08
600022: 2019-10-07
600022: 2019-10-06
600022: 2019-10-05
600022: 2019-10-04
600022: 2019-10-03
600022: 2019-10-02
600022: 2019-10-01
600022: 2019-09-30
600022: 2019-09-29
600022: 2019-09-28
600022: 2019-09-27
600022: 2019-09-26
600022: 2019-09-25
600022: 2019-09-24
600022: 2019-09-23
600022: 2019-09-22
600022: 2019-09-21
600022: 2019-09-20
600022: 2019-09-19
600022: 2019-09-18
600022: 2019-09-17
600022: 2019-09-16
600022: 2019-09-15
600022: 2019-09-14
600022: 2019-09-13
600022: 2019-09-12
600022: 2019-09-11
600022: 2019-09-10
600022: 2019-09-09
600022: 2019-09-08
600022: 2019-09-07
600022: 2019-09-06
600022: 2019-09-05
600022: 2019-09-04
600022: 2019-09-03
600022: 2019-09-02
600022: 2019-09-01
600022: 2019-08-31
600022: 2019-08-30
600022: 2019-08-29
600022: 2019-08-28
timed out
600022: 2019-08-27
600022: 2019-08-26
600022: 2019-08-25
600022: 2019-08-24
600022: 2019-08-23
600022: 2019-08-22
600022: 2019-08-21
600022: 2019-08-20
600022: 2019-08-19
600022: 2019-08-18
600022: 2019-08-17
600022: 2019-08-16
600022: 2019-08-15
600022: 2019-08-14
600022: 2019-08-13
600022: 2019-08-12
600022: 2019-08-11
600022: 2019-08-10
600022: 2019-08-09
600022: 2019-08-08
600022: 2019-08-07
600022: 2019-08-06
600022: 2019-08-05
600022: 2019-08-04
600022: 2019-08-03
600022: 2019-08-02
600022: 2019-08-01
600022: 2019-07-31
600022: 2019-07-30
600022: 2019-07-29
600022: 2019-07-28
600022: 2019-07-27
600022: 2019-07-26
600022: 2019-07-25
600022: 2019-07-24
600022: 2019-07-23
600022: 2019-07-22
600022: 2019-07-21
600022: 2019-07-20
600022: 2019-07-19
600022: 2019-07-18
600022: 2019-07-17
600022: 2019-07-16
600022: 2019-07-15
600022: 2019-07-14
600022: 2019-07-13
600022: 2019-07-12
600022: 2019-07-11
600022: 2019-07-10
600022: 2019-07-09
600022: 2019-07-08
600022: 2019-07-07
600022: 2019-07-06
600022: 2019-07-05
600022: 2019-07-04
600022: 2019-07-03
600022: 2019-07-02
600022: 2019-07-01
600022: 2019-06-30
600022: 2019-06-29
600022: 2019-06-28
600022: 2019-06-27
600022: 2019-06-26
600022: 2019-06-25
600022: 2019-06-24
600022: 2019-06-23
600022: 2019-06-22
600022: 2019-06-21
600022: 2019-06-20
600022: 2019-06-19
600022: 2019-06-18
600022: 2019-06-17
600022: 2019-06-16
600022: 2019-06-15
600022: 2019-06-14
600022: 2019-06-13
600022: 2019-06-12
600022: 2019-06-11
600022: 2019-06-10
600022: 2019-06-09
600022: 2019-06-08
600022: 2019-06-07
600022: 2019-06-06
600022: 2019-06-05
600022: 2019-06-04
600022: 2019-06-03
600022: 2019-06-02
600022: 2019-06-01
600022: 2019-05-31
600022: 2019-05-30
600022: 2019-05-29
600022: 2019-05-28
600022: 2019-05-27
600022: 2019-05-26
600022: 2019-05-25
600022: 2019-05-24
600022: 2019-05-23
600022: 2019-05-22
600022: 2019-05-21
600022: 2019-05-20
600022: 2019-05-19
600022: 2019-05-18
600022: 2019-05-17
600022: 2019-05-16
600022: 2019-05-15
600022: 2019-05-14
600022: 2019-05-13
600022: 2019-05-12
600022: 2019-05-11
600022: 2019-05-10
600022: 2019-05-09
600022: 2019-05-08
600022: 2019-05-07
600022: 2019-05-06
600022: 2019-05-05
600022: 2019-05-04
600022: 2019-05-03
600022: 2019-05-02
600022: 2019-05-01
600022: 2019-04-30
600022: 2019-04-29
600022: 2019-04-28
600022: 2019-04-27
600022: 2019-04-26
600022: 2019-04-25
600022: 2019-04-24
600022: 2019-04-23
600022: 2019-04-22
600022: 2019-04-21
600022: 2019-04-20
600022: 2019-04-19
600022: 2019-04-18
600022: 2019-04-17
600022: 2019-04-16
600022: 2019-04-15
600022: 2019-04-14
600022: 2019-04-13
600022: 2019-04-12
600022: 2019-04-11
600022: 2019-04-10
600022: 2019-04-09
600022: 2019-04-08
600022: 2019-04-07
600022: 2019-04-06
600022: 2019-04-05
600022: 2019-04-04
600022: 2019-04-03
600022: 2019-04-02
600022: 2019-04-01
600022: 2019-03-31
600022: 2019-03-30
600022: 2019-03-29
600022: 2019-03-28
600022: 2019-03-27
600022: 2019-03-26
600022: 2019-03-25
600022: 2019-03-24
600022: 2019-03-23
600022: 2019-03-22
600022: 2019-03-21
600022: 2019-03-20
600022: 2019-03-19
600022: 2019-03-18
600022: 2019-03-17
600022: 2019-03-16
600022: 2019-03-15
600022: 2019-03-14
600022: 2019-03-13
600022: 2019-03-12
600022: 2019-03-11
600022: 2019-03-10
600022: 2019-03-09
600022: 2019-03-08
600022: 2019-03-07
600022: 2019-03-06
600022: 2019-03-05
600022: 2019-03-04
600022: 2019-03-03
600022: 2019-03-02
600022: 2019-03-01
600022: 2019-02-28
600022: 2019-02-27
600022: 2019-02-26
600022: 2019-02-25
600022: 2019-02-24
600022: 2019-02-23
600022: 2019-02-22
600022: 2019-02-21
600022: 2019-02-20
600022: 2019-02-19
600022: 2019-02-18
600022: 2019-02-17
600022: 2019-02-16
600022: 2019-02-15
600022: 2019-02-14
600022: 2019-02-13
600022: 2019-02-12
600022: 2019-02-11
600022: 2019-02-10
600022: 2019-02-09
600022: 2019-02-08
600022: 2019-02-07
600022: 2019-02-06
600022: 2019-02-05
600022: 2019-02-04
600022: 2019-02-03
600022: 2019-02-02
600022: 2019-02-01
600022: 2019-01-31
600022: 2019-01-30
600022: 2019-01-29
600022: 2019-01-28
600022: 2019-01-27
600022: 2019-01-26
600022: 2019-01-25
600022: 2019-01-24
600022: 2019-01-23
600022: 2019-01-22
600022: 2019-01-21
600022: 2019-01-20
600022: 2019-01-19
600022: 2019-01-18
600022: 2019-01-17
600022: 2019-01-16
600022: 2019-01-15
600022: 2019-01-14
600022: 2019-01-13
600022: 2019-01-12
600022: 2019-01-11
600022: 2019-01-10
600022: 2019-01-09
600022: 2019-01-08
600022: 2019-01-07
600022: 2019-01-06
600022: 2019-01-05
600022: 2019-01-04
600022: 2019-01-03
600022: 2019-01-02
600022: 2019-01-01
600022: 2018-12-31
timed out
600022: 2018-12-30
600022: 2018-12-29
600022: 2018-12-28
600022: 2018-12-27
600022: 2018-12-26
600022: 2018-12-25
600022: 2018-12-24
600022: 2018-12-23
600022: 2018-12-22
600022: 2018-12-21
600022: 2018-12-20
600022: 2018-12-19
600022: 2018-12-18
600022: 2018-12-17
600022: 2018-12-16
600022: 2018-12-15
600022: 2018-12-14
600022: 2018-12-13
600022: 2018-12-12
600022: 2018-12-11
600022: 2018-12-10
600022: 2018-12-09
600022: 2018-12-08
600022: 2018-12-07
600022: 2018-12-06
600022: 2018-12-05
600022: 2018-12-04
600022: 2018-12-03
600022: 2018-12-02
600022: 2018-12-01
600022: 2018-11-30
600022: 2018-11-29
600022: 2018-11-28
600022: 2018-11-27
600022: 2018-11-26
600022: 2018-11-25
600022: 2018-11-24
600022: 2018-11-23
Tick Level Data Downloaded: 600022
600026
Downloading 600026
600026: 2019-11-22
600026: 2019-11-21
600026: 2019-11-20
600026: 2019-11-19
600026: 2019-11-18
600026: 2019-11-17
600026: 2019-11-16
600026: 2019-11-15
600026: 2019-11-14
600026: 2019-11-13
600026: 2019-11-12
600026: 2019-11-11
600026: 2019-11-10
600026: 2019-11-09
600026: 2019-11-08
600026: 2019-11-07
600026: 2019-11-06
600026: 2019-11-05
600026: 2019-11-04
600026: 2019-11-03
600026: 2019-11-02
600026: 2019-11-01
600026: 2019-10-31
600026: 2019-10-30
600026: 2019-10-29
600026: 2019-10-28
600026: 2019-10-27
600026: 2019-10-26
600026: 2019-10-25
600026: 2019-10-24
600026: 2019-10-23
600026: 2019-10-22
600026: 2019-10-21
600026: 2019-10-20
600026: 2019-10-19
600026: 2019-10-18
600026: 2019-10-17
600026: 2019-10-16
600026: 2019-10-15
600026: 2019-10-14
600026: 2019-10-13
600026: 2019-10-12
600026: 2019-10-11
600026: 2019-10-10
600026: 2019-10-09
600026: 2019-10-08
600026: 2019-10-07
600026: 2019-10-06
600026: 2019-10-05
600026: 2019-10-04
600026: 2019-10-03
600026: 2019-10-02
600026: 2019-10-01
600026: 2019-09-30
600026: 2019-09-29
600026: 2019-09-28
600026: 2019-09-27
600026: 2019-09-26
600026: 2019-09-25
600026: 2019-09-24
600026: 2019-09-23
600026: 2019-09-22
600026: 2019-09-21
600026: 2019-09-20
600026: 2019-09-19
600026: 2019-09-18
600026: 2019-09-17
600026: 2019-09-16
600026: 2019-09-15
600026: 2019-09-14
600026: 2019-09-13
600026: 2019-09-12
600026: 2019-09-11
600026: 2019-09-10
600026: 2019-09-09
600026: 2019-09-08
600026: 2019-09-07
600026: 2019-09-06
600026: 2019-09-05
600026: 2019-09-04
600026: 2019-09-03
600026: 2019-09-02
600026: 2019-09-01
600026: 2019-08-31
600026: 2019-08-30
600026: 2019-08-29
600026: 2019-08-28
600026: 2019-08-27
600026: 2019-08-26
600026: 2019-08-25
600026: 2019-08-24
600026: 2019-08-23
600026: 2019-08-22
600026: 2019-08-21
600026: 2019-08-20
600026: 2019-08-19
600026: 2019-08-18
600026: 2019-08-17
600026: 2019-08-16
600026: 2019-08-15
600026: 2019-08-14
600026: 2019-08-13
600026: 2019-08-12
600026: 2019-08-11
600026: 2019-08-10
600026: 2019-08-09
600026: 2019-08-08
600026: 2019-08-07
600026: 2019-08-06
600026: 2019-08-05
600026: 2019-08-04
600026: 2019-08-03
600026: 2019-08-02
600026: 2019-08-01
600026: 2019-07-31
600026: 2019-07-30
600026: 2019-07-29
600026: 2019-07-28
600026: 2019-07-27
600026: 2019-07-26
600026: 2019-07-25
600026: 2019-07-24
600026: 2019-07-23
600026: 2019-07-22
600026: 2019-07-21
600026: 2019-07-20
600026: 2019-07-19
600026: 2019-07-18
600026: 2019-07-17
600026: 2019-07-16
600026: 2019-07-15
600026: 2019-07-14
600026: 2019-07-13
600026: 2019-07-12
600026: 2019-07-11
600026: 2019-07-10
600026: 2019-07-09
600026: 2019-07-08
600026: 2019-07-07
600026: 2019-07-06
600026: 2019-07-05
600026: 2019-07-04
600026: 2019-07-03
600026: 2019-07-02
600026: 2019-07-01
600026: 2019-06-30
600026: 2019-06-29
600026: 2019-06-28
600026: 2019-06-27
600026: 2019-06-26
600026: 2019-06-25
600026: 2019-06-24
600026: 2019-06-23
600026: 2019-06-22
600026: 2019-06-21
600026: 2019-06-20
600026: 2019-06-19
600026: 2019-06-18
600026: 2019-06-17
600026: 2019-06-16
600026: 2019-06-15
600026: 2019-06-14
600026: 2019-06-13
600026: 2019-06-12
600026: 2019-06-11
600026: 2019-06-10
600026: 2019-06-09
600026: 2019-06-08
600026: 2019-06-07
600026: 2019-06-06
600026: 2019-06-05
600026: 2019-06-04
600026: 2019-06-03
600026: 2019-06-02
600026: 2019-06-01
600026: 2019-05-31
600026: 2019-05-30
600026: 2019-05-29
600026: 2019-05-28
600026: 2019-05-27
600026: 2019-05-26
600026: 2019-05-25
600026: 2019-05-24
600026: 2019-05-23
600026: 2019-05-22
600026: 2019-05-21
600026: 2019-05-20
600026: 2019-05-19
600026: 2019-05-18
600026: 2019-05-17
600026: 2019-05-16
600026: 2019-05-15
600026: 2019-05-14
600026: 2019-05-13
600026: 2019-05-12
600026: 2019-05-11
600026: 2019-05-10
600026: 2019-05-09
600026: 2019-05-08
600026: 2019-05-07
600026: 2019-05-06
600026: 2019-05-05
600026: 2019-05-04
600026: 2019-05-03
600026: 2019-05-02
600026: 2019-05-01
600026: 2019-04-30
600026: 2019-04-29
600026: 2019-04-28
600026: 2019-04-27
600026: 2019-04-26
600026: 2019-04-25
600026: 2019-04-24
600026: 2019-04-23
600026: 2019-04-22
600026: 2019-04-21
600026: 2019-04-20
600026: 2019-04-19
600026: 2019-04-18
600026: 2019-04-17
600026: 2019-04-16
600026: 2019-04-15
600026: 2019-04-14
600026: 2019-04-13
600026: 2019-04-12
600026: 2019-04-11
600026: 2019-04-10
600026: 2019-04-09
600026: 2019-04-08
600026: 2019-04-07
600026: 2019-04-06
600026: 2019-04-05
600026: 2019-04-04
600026: 2019-04-03
600026: 2019-04-02
600026: 2019-04-01
600026: 2019-03-31
600026: 2019-03-30
600026: 2019-03-29
600026: 2019-03-28
600026: 2019-03-27
600026: 2019-03-26
600026: 2019-03-25
600026: 2019-03-24
600026: 2019-03-23
600026: 2019-03-22
600026: 2019-03-21
600026: 2019-03-20
600026: 2019-03-19
600026: 2019-03-18
600026: 2019-03-17
600026: 2019-03-16
600026: 2019-03-15
600026: 2019-03-14
600026: 2019-03-13
600026: 2019-03-12
600026: 2019-03-11
600026: 2019-03-10
600026: 2019-03-09
600026: 2019-03-08
600026: 2019-03-07
600026: 2019-03-06
600026: 2019-03-05
600026: 2019-03-04
600026: 2019-03-03
600026: 2019-03-02
600026: 2019-03-01
600026: 2019-02-28
600026: 2019-02-27
600026: 2019-02-26
600026: 2019-02-25
600026: 2019-02-24
600026: 2019-02-23
600026: 2019-02-22
600026: 2019-02-21
600026: 2019-02-20
600026: 2019-02-19
600026: 2019-02-18
600026: 2019-02-17
600026: 2019-02-16
600026: 2019-02-15
600026: 2019-02-14
600026: 2019-02-13
600026: 2019-02-12
600026: 2019-02-11
600026: 2019-02-10
600026: 2019-02-09
600026: 2019-02-08
600026: 2019-02-07
600026: 2019-02-06
600026: 2019-02-05
600026: 2019-02-04
600026: 2019-02-03
600026: 2019-02-02
600026: 2019-02-01
600026: 2019-01-31
600026: 2019-01-30
600026: 2019-01-29
600026: 2019-01-28
600026: 2019-01-27
600026: 2019-01-26
600026: 2019-01-25
600026: 2019-01-24
600026: 2019-01-23
600026: 2019-01-22
600026: 2019-01-21
600026: 2019-01-20
600026: 2019-01-19
600026: 2019-01-18
600026: 2019-01-17
600026: 2019-01-16
600026: 2019-01-15
600026: 2019-01-14
600026: 2019-01-13
600026: 2019-01-12
600026: 2019-01-11
600026: 2019-01-10
600026: 2019-01-09
600026: 2019-01-08
600026: 2019-01-07
600026: 2019-01-06
600026: 2019-01-05
600026: 2019-01-04
600026: 2019-01-03
600026: 2019-01-02
600026: 2019-01-01
600026: 2018-12-31
600026: 2018-12-30
600026: 2018-12-29
600026: 2018-12-28
600026: 2018-12-27
600026: 2018-12-26
600026: 2018-12-25
600026: 2018-12-24
600026: 2018-12-23
600026: 2018-12-22
600026: 2018-12-21
600026: 2018-12-20
600026: 2018-12-19
600026: 2018-12-18
600026: 2018-12-17
600026: 2018-12-16
600026: 2018-12-15
600026: 2018-12-14
600026: 2018-12-13
600026: 2018-12-12
600026: 2018-12-11
600026: 2018-12-10
600026: 2018-12-09
600026: 2018-12-08
600026: 2018-12-07
600026: 2018-12-06
600026: 2018-12-05
600026: 2018-12-04
600026: 2018-12-03
600026: 2018-12-02
600026: 2018-12-01
600026: 2018-11-30
600026: 2018-11-29
600026: 2018-11-28
600026: 2018-11-27
600026: 2018-11-26
600026: 2018-11-25
600026: 2018-11-24
600026: 2018-11-23
Tick Level Data Downloaded: 600026
600037
Downloading 600037
600037: 2019-11-22
600037: 2019-11-21
600037: 2019-11-20
600037: 2019-11-19
600037: 2019-11-18
600037: 2019-11-17
600037: 2019-11-16
600037: 2019-11-15
600037: 2019-11-14
600037: 2019-11-13
600037: 2019-11-12
600037: 2019-11-11
600037: 2019-11-10
600037: 2019-11-09
600037: 2019-11-08
600037: 2019-11-07
600037: 2019-11-06
600037: 2019-11-05
600037: 2019-11-04
600037: 2019-11-03
600037: 2019-11-02
600037: 2019-11-01
600037: 2019-10-31
600037: 2019-10-30
600037: 2019-10-29
600037: 2019-10-28
600037: 2019-10-27
600037: 2019-10-26
600037: 2019-10-25
600037: 2019-10-24
600037: 2019-10-23
600037: 2019-10-22
600037: 2019-10-21
600037: 2019-10-20
600037: 2019-10-19
600037: 2019-10-18
600037: 2019-10-17
600037: 2019-10-16
600037: 2019-10-15
600037: 2019-10-14
600037: 2019-10-13
600037: 2019-10-12
600037: 2019-10-11
600037: 2019-10-10
600037: 2019-10-09
600037: 2019-10-08
600037: 2019-10-07
600037: 2019-10-06
600037: 2019-10-05
600037: 2019-10-04
600037: 2019-10-03
600037: 2019-10-02
600037: 2019-10-01
600037: 2019-09-30
600037: 2019-09-29
600037: 2019-09-28
600037: 2019-09-27
600037: 2019-09-26
600037: 2019-09-25
600037: 2019-09-24
600037: 2019-09-23
600037: 2019-09-22
600037: 2019-09-21
600037: 2019-09-20
600037: 2019-09-19
600037: 2019-09-18
600037: 2019-09-17
600037: 2019-09-16
600037: 2019-09-15
600037: 2019-09-14
600037: 2019-09-13
600037: 2019-09-12
600037: 2019-09-11
600037: 2019-09-10
600037: 2019-09-09
600037: 2019-09-08
600037: 2019-09-07
600037: 2019-09-06
600037: 2019-09-05
600037: 2019-09-04
600037: 2019-09-03
600037: 2019-09-02
600037: 2019-09-01
600037: 2019-08-31
600037: 2019-08-30
600037: 2019-08-29
600037: 2019-08-28
600037: 2019-08-27
600037: 2019-08-26
600037: 2019-08-25
600037: 2019-08-24
600037: 2019-08-23
600037: 2019-08-22
600037: 2019-08-21
600037: 2019-08-20
600037: 2019-08-19
600037: 2019-08-18
600037: 2019-08-17
600037: 2019-08-16
600037: 2019-08-15
600037: 2019-08-14
600037: 2019-08-13
600037: 2019-08-12
600037: 2019-08-11
600037: 2019-08-10
600037: 2019-08-09
600037: 2019-08-08
600037: 2019-08-07
600037: 2019-08-06
600037: 2019-08-05
600037: 2019-08-04
600037: 2019-08-03
600037: 2019-08-02
600037: 2019-08-01
600037: 2019-07-31
600037: 2019-07-30
600037: 2019-07-29
600037: 2019-07-28
600037: 2019-07-27
600037: 2019-07-26
600037: 2019-07-25
600037: 2019-07-24
600037: 2019-07-23
600037: 2019-07-22
600037: 2019-07-21
600037: 2019-07-20
600037: 2019-07-19
600037: 2019-07-18
600037: 2019-07-17
600037: 2019-07-16
600037: 2019-07-15
600037: 2019-07-14
600037: 2019-07-13
600037: 2019-07-12
600037: 2019-07-11
600037: 2019-07-10
600037: 2019-07-09
600037: 2019-07-08
600037: 2019-07-07
600037: 2019-07-06
600037: 2019-07-05
timed out
600037: 2019-07-04
600037: 2019-07-03
600037: 2019-07-02
600037: 2019-07-01
600037: 2019-06-30
600037: 2019-06-29
600037: 2019-06-28
600037: 2019-06-27
600037: 2019-06-26
600037: 2019-06-25
600037: 2019-06-24
600037: 2019-06-23
600037: 2019-06-22
600037: 2019-06-21
600037: 2019-06-20
600037: 2019-06-19
600037: 2019-06-18
600037: 2019-06-17
600037: 2019-06-16
600037: 2019-06-15
600037: 2019-06-14
600037: 2019-06-13
600037: 2019-06-12
600037: 2019-06-11
600037: 2019-06-10
600037: 2019-06-09
600037: 2019-06-08
600037: 2019-06-07
600037: 2019-06-06
600037: 2019-06-05
600037: 2019-06-04
600037: 2019-06-03
600037: 2019-06-02
600037: 2019-06-01
600037: 2019-05-31
600037: 2019-05-30
600037: 2019-05-29
600037: 2019-05-28
600037: 2019-05-27
600037: 2019-05-26
600037: 2019-05-25
600037: 2019-05-24
600037: 2019-05-23
600037: 2019-05-22
600037: 2019-05-21